<?xml version="1.0" encoding="UTF-8"?>
<testsuite name="powerpackage.PowerFinderTest" tests="4" skipped="0" failures="0" errors="0" timestamp="2024-04-19T15:46:39" hostname="LAPTOP-HFOHBO3C" time="0.002">
  <properties/>
  <testcase name="twoRaisedToTwoIsFourTest" classname="powerpackage.PowerFinderTest" time="0.001"/>
  <testcase name="twoRaisedToTwoIsTwoTest" classname="powerpackage.PowerFinderTest" time="0.0"/>
  <testcase name="oneRaisedToOneIsOneTest" classname="powerpackage.PowerFinderTest" time="0.0"/>
  <testcase name="ThreeRaisedToTwoIsNineTest" classname="powerpackage.PowerFinderTest" time="0.0"/>
  <system-out><![CDATA[]]></system-out>
  <system-err><![CDATA[]]></system-err>
</testsuite>
